<?xml version="1.0" encoding="UTF-8"?>
<!-- Generated by org.testng.reporters.JUnitXMLReporter -->
<testsuite hostname="DESKTOP-VD9B9HD" ignored="2" name="Default test" tests="1" failures="0" timestamp="20 Jan 2020 18:07:15 GMT" time="10.706" errors="0">
  <testcase name="searchSpecificFlight_2" time="5.017" classname="com.makemytrip.qa.testcases.Flights_Page_Test"/>
  <testcase name="searchSpecificFlight" time="0.0" classname="com.makemytrip.qa.testcases.Flights_Page_Test">
    <ignored/>
  </testcase> <!-- searchSpecificFlight -->
  <testcase name="navFilightsPage" time="0.0" classname="com.makemytrip.qa.testcases.Flights_Page_Test">
    <ignored/>
  </testcase> <!-- navFilightsPage -->
</testsuite> <!-- Default test -->
