<?xml version="1.0" encoding="UTF-8"?>
<testng-results skipped="0" failed="2" ignored="4" total="13" passed="7">
  <reporter-output>
  </reporter-output>
  <suite name="makemytrip Application Test Automation Test Suite" duration-ms="192837" started-at="2020-01-27T17:13:25Z" finished-at="2020-01-27T17:16:38Z">
    <groups>
    </groups>
    <test name="Free makemytrip App Test Cases" duration-ms="192837" started-at="2020-01-27T17:13:25Z" finished-at="2020-01-27T17:16:38Z">
      <class name="com.makemytrip.qa.testcases.Villas_Apt_Page_Test">
        <test-method status="PASS" signature="setUp()[pri:0, instance:com.makemytrip.qa.testcases.Villas_Apt_Page_Test@3e6fa38a]" name="setUp" is-config="true" duration-ms="5189" started-at="2020-01-27T22:44:04Z" finished-at="2020-01-27T22:44:09Z">
          <reporter-output>
          </reporter-output>
        </test-method> <!-- setUp -->
        <test-method status="PASS" signature="navVillasPage()[pri:0, instance:com.makemytrip.qa.testcases.Villas_Apt_Page_Test@3e6fa38a]" name="navVillasPage" duration-ms="1208" started-at="2020-01-27T22:44:09Z" finished-at="2020-01-27T22:44:11Z">
          <reporter-output>
          </reporter-output>
        </test-method> <!-- navVillasPage -->
        <test-method status="PASS" signature="tearDown()[pri:0, instance:com.makemytrip.qa.testcases.Villas_Apt_Page_Test@3e6fa38a]" name="tearDown" is-config="true" duration-ms="731" started-at="2020-01-27T22:44:11Z" finished-at="2020-01-27T22:44:11Z">
          <reporter-output>
          </reporter-output>
        </test-method> <!-- tearDown -->
      </class> <!-- com.makemytrip.qa.testcases.Villas_Apt_Page_Test -->
      <class name="com.makemytrip.qa.testcases.Flights_Page_Test">
        <test-method status="PASS" signature="setUp()[pri:0, instance:com.makemytrip.qa.testcases.Flights_Page_Test@27efef64]" name="setUp" is-config="true" duration-ms="5203" started-at="2020-01-27T22:43:41Z" finished-at="2020-01-27T22:43:46Z">
          <reporter-output>
          </reporter-output>
        </test-method> <!-- setUp -->
        <test-method status="PASS" signature="navFilightsPage()[pri:0, instance:com.makemytrip.qa.testcases.Flights_Page_Test@27efef64]" name="navFilightsPage" duration-ms="2297" started-at="2020-01-27T22:43:46Z" finished-at="2020-01-27T22:43:48Z">
          <reporter-output>
          </reporter-output>
        </test-method> <!-- navFilightsPage -->
        <test-method status="PASS" signature="tearDown()[pri:0, instance:com.makemytrip.qa.testcases.Flights_Page_Test@27efef64]" name="tearDown" is-config="true" duration-ms="746" started-at="2020-01-27T22:43:48Z" finished-at="2020-01-27T22:43:49Z">
          <reporter-output>
          </reporter-output>
        </test-method> <!-- tearDown -->
        <test-method status="PASS" signature="setUp()[pri:0, instance:com.makemytrip.qa.testcases.Flights_Page_Test@27efef64]" name="setUp" is-config="true" duration-ms="5481" started-at="2020-01-27T22:44:31Z" finished-at="2020-01-27T22:44:36Z">
          <reporter-output>
          </reporter-output>
        </test-method> <!-- setUp -->
        <test-method status="FAIL" signature="searchSpecificFlight(java.lang.String, java.lang.String, java.lang.String, java.lang.String, java.lang.String, java.lang.String)[pri:2, instance:com.makemytrip.qa.testcases.Flights_Page_Test@27efef64]" name="searchSpecificFlight" duration-ms="35125" started-at="2020-01-27T22:44:36Z" data-provider="getMakemyTripTestData" finished-at="2020-01-27T22:45:11Z">
          <params>
            <param index="0">
              <value>
                <![CDATA[Mumbai]]>
              </value>
            </param>
            <param index="1">
              <value>
                <![CDATA[Hyderabad]]>
              </value>
            </param>
            <param index="2">
              <value>
                <![CDATA[28.0]]>
              </value>
            </param>
            <param index="3">
              <value>
                <![CDATA[Bheemesh]]>
              </value>
            </param>
            <param index="4">
              <value>
                <![CDATA[Cirpe]]>
              </value>
            </param>
            <param index="5">
              <value>
                <![CDATA[bheemboy@gmail.com]]>
              </value>
            </param>
          </params>
          <exception class="org.openqa.selenium.NoSuchElementException">
            <message>
              <![CDATA[no such element: Unable to locate element: {"method":"xpath","selector":"(//*[@class='booking_summary_wrap']//following::div)[3]"}
  (Session info: chrome=79.0.3945.130)
For documentation on this error, please visit: http://seleniumhq.org/exceptions/no_such_element.html
Build info: version: '3.14.0', revision: 'aacccce0', time: '2018-08-02T20:19:58.91Z'
System info: host: 'BHEEMESH-DESKTO', ip: '192.168.1.2', os.name: 'Windows 10', os.arch: 'amd64', os.version: '10.0', java.version: '1.8.0_231'
Driver info: org.openqa.selenium.chrome.ChromeDriver
Capabilities {acceptInsecureCerts: false, browserName: chrome, browserVersion: 79.0.3945.130, chrome: {chromedriverVersion: 78.0.3904.70 (edb9c9f3de024..., userDataDir: C:\Users\91970\AppData\Loca...}, goog:chromeOptions: {debuggerAddress: localhost:55148}, javascriptEnabled: true, networkConnectionEnabled: false, pageLoadStrategy: normal, platform: XP, platformName: XP, proxy: Proxy(), setWindowRect: true, strictFileInteractability: false, timeouts: {implicit: 0, pageLoad: 300000, script: 30000}, unhandledPromptBehavior: dismiss and notify}
Session ID: c023534e46bd0ce923b83d877fbba533
*** Element info: {Using=xpath, value=(//*[@class='booking_summary_wrap']//following::div)[3]}]]>
            </message>
            <full-stacktrace>
              <![CDATA[org.openqa.selenium.NoSuchElementException: no such element: Unable to locate element: {"method":"xpath","selector":"(//*[@class='booking_summary_wrap']//following::div)[3]"}
  (Session info: chrome=79.0.3945.130)
For documentation on this error, please visit: http://seleniumhq.org/exceptions/no_such_element.html
Build info: version: '3.14.0', revision: 'aacccce0', time: '2018-08-02T20:19:58.91Z'
System info: host: 'BHEEMESH-DESKTO', ip: '192.168.1.2', os.name: 'Windows 10', os.arch: 'amd64', os.version: '10.0', java.version: '1.8.0_231'
Driver info: org.openqa.selenium.chrome.ChromeDriver
Capabilities {acceptInsecureCerts: false, browserName: chrome, browserVersion: 79.0.3945.130, chrome: {chromedriverVersion: 78.0.3904.70 (edb9c9f3de024..., userDataDir: C:\Users\91970\AppData\Loca...}, goog:chromeOptions: {debuggerAddress: localhost:55148}, javascriptEnabled: true, networkConnectionEnabled: false, pageLoadStrategy: normal, platform: XP, platformName: XP, proxy: Proxy(), setWindowRect: true, strictFileInteractability: false, timeouts: {implicit: 0, pageLoad: 300000, script: 30000}, unhandledPromptBehavior: dismiss and notify}
Session ID: c023534e46bd0ce923b83d877fbba533
*** Element info: {Using=xpath, value=(//*[@class='booking_summary_wrap']//following::div)[3]}
	at sun.reflect.NativeConstructorAccessorImpl.newInstance0(Native Method)
	at sun.reflect.NativeConstructorAccessorImpl.newInstance(NativeConstructorAccessorImpl.java:62)
	at sun.reflect.DelegatingConstructorAccessorImpl.newInstance(DelegatingConstructorAccessorImpl.java:45)
	at java.lang.reflect.Constructor.newInstance(Constructor.java:423)
	at org.openqa.selenium.remote.http.W3CHttpResponseCodec.createException(W3CHttpResponseCodec.java:187)
	at org.openqa.selenium.remote.http.W3CHttpResponseCodec.decode(W3CHttpResponseCodec.java:122)
	at org.openqa.selenium.remote.http.W3CHttpResponseCodec.decode(W3CHttpResponseCodec.java:49)
	at org.openqa.selenium.remote.HttpCommandExecutor.execute(HttpCommandExecutor.java:158)
	at org.openqa.selenium.remote.service.DriverCommandExecutor.execute(DriverCommandExecutor.java:83)
	at org.openqa.selenium.remote.RemoteWebDriver.execute(RemoteWebDriver.java:548)
	at org.openqa.selenium.remote.RemoteWebDriver.findElement(RemoteWebDriver.java:322)
	at org.openqa.selenium.remote.RemoteWebDriver.findElementByXPath(RemoteWebDriver.java:424)
	at org.openqa.selenium.By$ByXPath.findElement(By.java:353)
	at org.openqa.selenium.remote.RemoteWebDriver.findElement(RemoteWebDriver.java:314)
	at org.openqa.selenium.support.pagefactory.DefaultElementLocator.findElement(DefaultElementLocator.java:69)
	at org.openqa.selenium.support.pagefactory.internal.LocatingElementHandler.invoke(LocatingElementHandler.java:38)
	at com.sun.proxy.$Proxy11.getScreenshotAs(Unknown Source)
	at com.makemytrip.qa.util.TestUtil.takeScreenshotAtEndOfTest(TestUtil.java:64)
	at com.makemytrip.qa.pages.Flights_Page.searchFlight(Flights_Page.java:196)
	at com.makemytrip.qa.testcases.Flights_Page_Test.searchSpecificFlight(Flights_Page_Test.java:51)
	at sun.reflect.NativeMethodAccessorImpl.invoke0(Native Method)
	at sun.reflect.NativeMethodAccessorImpl.invoke(NativeMethodAccessorImpl.java:62)
	at sun.reflect.DelegatingMethodAccessorImpl.invoke(DelegatingMethodAccessorImpl.java:43)
	at java.lang.reflect.Method.invoke(Method.java:498)
	at org.testng.internal.MethodInvocationHelper.invokeMethod(MethodInvocationHelper.java:108)
	at org.testng.internal.Invoker.invokeMethod(Invoker.java:661)
	at org.testng.internal.Invoker.invokeTestMethod(Invoker.java:869)
	at org.testng.internal.Invoker.invokeTestMethods(Invoker.java:1193)
	at org.testng.internal.TestMethodWorker.invokeTestMethods(TestMethodWorker.java:126)
	at org.testng.internal.TestMethodWorker.run(TestMethodWorker.java:109)
	at org.testng.TestRunner.privateRun(TestRunner.java:744)
	at org.testng.TestRunner.run(TestRunner.java:602)
	at org.testng.SuiteRunner.runTest(SuiteRunner.java:380)
	at org.testng.SuiteRunner.runSequentially(SuiteRunner.java:375)
	at org.testng.SuiteRunner.privateRun(SuiteRunner.java:340)
	at org.testng.SuiteRunner.run(SuiteRunner.java:289)
	at org.testng.SuiteRunnerWorker.runSuite(SuiteRunnerWorker.java:52)
	at org.testng.SuiteRunnerWorker.run(SuiteRunnerWorker.java:86)
	at org.testng.TestNG.runSuitesSequentially(TestNG.java:1301)
	at org.testng.TestNG.runSuitesLocally(TestNG.java:1226)
	at org.testng.TestNG.runSuites(TestNG.java:1144)
	at org.testng.TestNG.run(TestNG.java:1115)
	at org.testng.remote.AbstractRemoteTestNG.run(AbstractRemoteTestNG.java:115)
	at org.testng.remote.RemoteTestNG.initAndRun(RemoteTestNG.java:251)
	at org.testng.remote.RemoteTestNG.main(RemoteTestNG.java:77)
]]>
            </full-stacktrace>
          </exception> <!-- org.openqa.selenium.NoSuchElementException -->
          <reporter-output>
          </reporter-output>
        </test-method> <!-- searchSpecificFlight -->
        <test-method status="PASS" signature="tearDown()[pri:0, instance:com.makemytrip.qa.testcases.Flights_Page_Test@27efef64]" name="tearDown" is-config="true" duration-ms="831" started-at="2020-01-27T22:45:11Z" finished-at="2020-01-27T22:45:12Z">
          <reporter-output>
          </reporter-output>
        </test-method> <!-- tearDown -->
        <test-method status="PASS" signature="setUp()[pri:0, instance:com.makemytrip.qa.testcases.Flights_Page_Test@27efef64]" name="setUp" is-config="true" duration-ms="5859" started-at="2020-01-27T22:45:12Z" finished-at="2020-01-27T22:45:18Z">
          <reporter-output>
          </reporter-output>
        </test-method> <!-- setUp -->
        <test-method status="PASS" signature="searchSpecificFlight(java.lang.String, java.lang.String, java.lang.String, java.lang.String, java.lang.String, java.lang.String)[pri:2, instance:com.makemytrip.qa.testcases.Flights_Page_Test@27efef64]" name="searchSpecificFlight" duration-ms="34065" started-at="2020-01-27T22:45:18Z" data-provider="getMakemyTripTestData" finished-at="2020-01-27T22:45:52Z">
          <params>
            <param index="0">
              <value>
                <![CDATA[Hyderabad]]>
              </value>
            </param>
            <param index="1">
              <value>
                <![CDATA[Chennai]]>
              </value>
            </param>
            <param index="2">
              <value>
                <![CDATA[30.0]]>
              </value>
            </param>
            <param index="3">
              <value>
                <![CDATA[Rupa]]>
              </value>
            </param>
            <param index="4">
              <value>
                <![CDATA[E]]>
              </value>
            </param>
            <param index="5">
              <value>
                <![CDATA[rupa@gmail.com]]>
              </value>
            </param>
          </params>
          <reporter-output>
          </reporter-output>
        </test-method> <!-- searchSpecificFlight -->
        <test-method status="PASS" signature="tearDown()[pri:0, instance:com.makemytrip.qa.testcases.Flights_Page_Test@27efef64]" name="tearDown" is-config="true" duration-ms="862" started-at="2020-01-27T22:45:52Z" finished-at="2020-01-27T22:45:53Z">
          <reporter-output>
          </reporter-output>
        </test-method> <!-- tearDown -->
        <test-method status="PASS" signature="setUp()[pri:0, instance:com.makemytrip.qa.testcases.Flights_Page_Test@27efef64]" name="setUp" is-config="true" duration-ms="5608" started-at="2020-01-27T22:45:53Z" finished-at="2020-01-27T22:45:58Z">
          <reporter-output>
          </reporter-output>
        </test-method> <!-- setUp -->
        <test-method status="PASS" signature="searchSpecificFlight(java.lang.String, java.lang.String, java.lang.String, java.lang.String, java.lang.String, java.lang.String)[pri:2, instance:com.makemytrip.qa.testcases.Flights_Page_Test@27efef64]" name="searchSpecificFlight" duration-ms="38919" started-at="2020-01-27T22:45:58Z" data-provider="getMakemyTripTestData" finished-at="2020-01-27T22:46:37Z">
          <params>
            <param index="0">
              <value>
                <![CDATA[Hyderabad]]>
              </value>
            </param>
            <param index="1">
              <value>
                <![CDATA[Mumbai]]>
              </value>
            </param>
            <param index="2">
              <value>
                <![CDATA[31.0]]>
              </value>
            </param>
            <param index="3">
              <value>
                <![CDATA[Monica]]>
              </value>
            </param>
            <param index="4">
              <value>
                <![CDATA[A]]>
              </value>
            </param>
            <param index="5">
              <value>
                <![CDATA[monica@yahoo.com]]>
              </value>
            </param>
          </params>
          <reporter-output>
          </reporter-output>
        </test-method> <!-- searchSpecificFlight -->
        <test-method status="PASS" signature="tearDown()[pri:0, instance:com.makemytrip.qa.testcases.Flights_Page_Test@27efef64]" name="tearDown" is-config="true" duration-ms="858" started-at="2020-01-27T22:46:37Z" finished-at="2020-01-27T22:46:38Z">
          <reporter-output>
          </reporter-output>
        </test-method> <!-- tearDown -->
      </class> <!-- com.makemytrip.qa.testcases.Flights_Page_Test -->
      <class name="com.makemytrip.qa.testcases.Login_Page_Test">
        <test-method status="PASS" signature="setUp()[pri:0, instance:com.makemytrip.qa.testcases.Login_Page_Test@59f99ea]" name="setUp" is-config="true" duration-ms="6257" started-at="2020-01-27T22:43:25Z" finished-at="2020-01-27T22:43:32Z">
          <reporter-output>
          </reporter-output>
        </test-method> <!-- setUp -->
        <test-method status="FAIL" signature="loginCheck_ValidUserDetails(java.lang.String, java.lang.String)[pri:0, instance:com.makemytrip.qa.testcases.Login_Page_Test@59f99ea]" name="loginCheck_ValidUserDetails" duration-ms="7947" started-at="2020-01-27T22:43:32Z" finished-at="2020-01-27T22:43:40Z">
          <params>
            <param index="0">
              <value>
                <![CDATA[automationtesting007bheem@gmail.com]]>
              </value>
            </param>
            <param index="1">
              <value>
                <![CDATA[capgemini@12345]]>
              </value>
            </param>
          </params>
          <exception class="org.openqa.selenium.NoSuchElementException">
            <message>
              <![CDATA[no such element: Unable to locate element: {"method":"css selector","selector":"#password"}
  (Session info: chrome=79.0.3945.130)
For documentation on this error, please visit: http://seleniumhq.org/exceptions/no_such_element.html
Build info: version: '3.14.0', revision: 'aacccce0', time: '2018-08-02T20:19:58.91Z'
System info: host: 'BHEEMESH-DESKTO', ip: '192.168.1.2', os.name: 'Windows 10', os.arch: 'amd64', os.version: '10.0', java.version: '1.8.0_231'
Driver info: org.openqa.selenium.chrome.ChromeDriver
Capabilities {acceptInsecureCerts: false, browserName: chrome, browserVersion: 79.0.3945.130, chrome: {chromedriverVersion: 78.0.3904.70 (edb9c9f3de024..., userDataDir: C:\Users\91970\AppData\Loca...}, goog:chromeOptions: {debuggerAddress: localhost:54791}, javascriptEnabled: true, networkConnectionEnabled: false, pageLoadStrategy: normal, platform: XP, platformName: XP, proxy: Proxy(), setWindowRect: true, strictFileInteractability: false, timeouts: {implicit: 0, pageLoad: 300000, script: 30000}, unhandledPromptBehavior: dismiss and notify}
Session ID: f3f05aca695a7b64119e1f49a233e130
*** Element info: {Using=id, value=password}]]>
            </message>
            <full-stacktrace>
              <![CDATA[org.openqa.selenium.NoSuchElementException: no such element: Unable to locate element: {"method":"css selector","selector":"#password"}
  (Session info: chrome=79.0.3945.130)
For documentation on this error, please visit: http://seleniumhq.org/exceptions/no_such_element.html
Build info: version: '3.14.0', revision: 'aacccce0', time: '2018-08-02T20:19:58.91Z'
System info: host: 'BHEEMESH-DESKTO', ip: '192.168.1.2', os.name: 'Windows 10', os.arch: 'amd64', os.version: '10.0', java.version: '1.8.0_231'
Driver info: org.openqa.selenium.chrome.ChromeDriver
Capabilities {acceptInsecureCerts: false, browserName: chrome, browserVersion: 79.0.3945.130, chrome: {chromedriverVersion: 78.0.3904.70 (edb9c9f3de024..., userDataDir: C:\Users\91970\AppData\Loca...}, goog:chromeOptions: {debuggerAddress: localhost:54791}, javascriptEnabled: true, networkConnectionEnabled: false, pageLoadStrategy: normal, platform: XP, platformName: XP, proxy: Proxy(), setWindowRect: true, strictFileInteractability: false, timeouts: {implicit: 0, pageLoad: 300000, script: 30000}, unhandledPromptBehavior: dismiss and notify}
Session ID: f3f05aca695a7b64119e1f49a233e130
*** Element info: {Using=id, value=password}
	at sun.reflect.NativeConstructorAccessorImpl.newInstance0(Native Method)
	at sun.reflect.NativeConstructorAccessorImpl.newInstance(NativeConstructorAccessorImpl.java:62)
	at sun.reflect.DelegatingConstructorAccessorImpl.newInstance(DelegatingConstructorAccessorImpl.java:45)
	at java.lang.reflect.Constructor.newInstance(Constructor.java:423)
	at org.openqa.selenium.remote.http.W3CHttpResponseCodec.createException(W3CHttpResponseCodec.java:187)
	at org.openqa.selenium.remote.http.W3CHttpResponseCodec.decode(W3CHttpResponseCodec.java:122)
	at org.openqa.selenium.remote.http.W3CHttpResponseCodec.decode(W3CHttpResponseCodec.java:49)
	at org.openqa.selenium.remote.HttpCommandExecutor.execute(HttpCommandExecutor.java:158)
	at org.openqa.selenium.remote.service.DriverCommandExecutor.execute(DriverCommandExecutor.java:83)
	at org.openqa.selenium.remote.RemoteWebDriver.execute(RemoteWebDriver.java:548)
	at org.openqa.selenium.remote.RemoteWebDriver.findElement(RemoteWebDriver.java:322)
	at org.openqa.selenium.remote.RemoteWebDriver.findElementById(RemoteWebDriver.java:368)
	at org.openqa.selenium.By$ById.findElement(By.java:188)
	at org.openqa.selenium.remote.RemoteWebDriver.findElement(RemoteWebDriver.java:314)
	at org.openqa.selenium.support.pagefactory.DefaultElementLocator.findElement(DefaultElementLocator.java:69)
	at org.openqa.selenium.support.pagefactory.internal.LocatingElementHandler.invoke(LocatingElementHandler.java:38)
	at com.sun.proxy.$Proxy11.sendKeys(Unknown Source)
	at com.makemytrip.qa.pages.Login_Page.loginMakeMyTrip(Login_Page.java:58)
	at com.makemytrip.qa.testcases.Login_Page_Test.loginCheck_ValidUserDetails(Login_Page_Test.java:49)
	at sun.reflect.NativeMethodAccessorImpl.invoke0(Native Method)
	at sun.reflect.NativeMethodAccessorImpl.invoke(NativeMethodAccessorImpl.java:62)
	at sun.reflect.DelegatingMethodAccessorImpl.invoke(DelegatingMethodAccessorImpl.java:43)
	at java.lang.reflect.Method.invoke(Method.java:498)
	at org.testng.internal.MethodInvocationHelper.invokeMethod(MethodInvocationHelper.java:108)
	at org.testng.internal.Invoker.invokeMethod(Invoker.java:661)
	at org.testng.internal.Invoker.invokeTestMethod(Invoker.java:869)
	at org.testng.internal.Invoker.invokeTestMethods(Invoker.java:1193)
	at org.testng.internal.TestMethodWorker.invokeTestMethods(TestMethodWorker.java:126)
	at org.testng.internal.TestMethodWorker.run(TestMethodWorker.java:109)
	at org.testng.TestRunner.privateRun(TestRunner.java:744)
	at org.testng.TestRunner.run(TestRunner.java:602)
	at org.testng.SuiteRunner.runTest(SuiteRunner.java:380)
	at org.testng.SuiteRunner.runSequentially(SuiteRunner.java:375)
	at org.testng.SuiteRunner.privateRun(SuiteRunner.java:340)
	at org.testng.SuiteRunner.run(SuiteRunner.java:289)
	at org.testng.SuiteRunnerWorker.runSuite(SuiteRunnerWorker.java:52)
	at org.testng.SuiteRunnerWorker.run(SuiteRunnerWorker.java:86)
	at org.testng.TestNG.runSuitesSequentially(TestNG.java:1301)
	at org.testng.TestNG.runSuitesLocally(TestNG.java:1226)
	at org.testng.TestNG.runSuites(TestNG.java:1144)
	at org.testng.TestNG.run(TestNG.java:1115)
	at org.testng.remote.AbstractRemoteTestNG.run(AbstractRemoteTestNG.java:115)
	at org.testng.remote.RemoteTestNG.initAndRun(RemoteTestNG.java:251)
	at org.testng.remote.RemoteTestNG.main(RemoteTestNG.java:77)
]]>
            </full-stacktrace>
          </exception> <!-- org.openqa.selenium.NoSuchElementException -->
          <reporter-output>
          </reporter-output>
        </test-method> <!-- loginCheck_ValidUserDetails -->
        <test-method status="PASS" signature="tearDown()[pri:0, instance:com.makemytrip.qa.testcases.Login_Page_Test@59f99ea]" name="tearDown" is-config="true" duration-ms="969" started-at="2020-01-27T22:43:40Z" finished-at="2020-01-27T22:43:41Z">
          <reporter-output>
          </reporter-output>
        </test-method> <!-- tearDown -->
      </class> <!-- com.makemytrip.qa.testcases.Login_Page_Test -->
      <class name="com.makemytrip.qa.testcases.Hotels_Page_Test">
        <test-method status="PASS" signature="setUp()[pri:0, instance:com.makemytrip.qa.testcases.Hotels_Page_Test@6f7fd0e6]" name="setUp" is-config="true" duration-ms="5367" started-at="2020-01-27T22:43:49Z" finished-at="2020-01-27T22:43:54Z">
          <reporter-output>
          </reporter-output>
        </test-method> <!-- setUp -->
        <test-method status="PASS" signature="navHotelsPage()[pri:0, instance:com.makemytrip.qa.testcases.Hotels_Page_Test@6f7fd0e6]" name="navHotelsPage" duration-ms="1702" started-at="2020-01-27T22:43:54Z" finished-at="2020-01-27T22:43:56Z">
          <reporter-output>
          </reporter-output>
        </test-method> <!-- navHotelsPage -->
        <test-method status="PASS" signature="tearDown()[pri:0, instance:com.makemytrip.qa.testcases.Hotels_Page_Test@6f7fd0e6]" name="tearDown" is-config="true" duration-ms="908" started-at="2020-01-27T22:43:56Z" finished-at="2020-01-27T22:43:57Z">
          <reporter-output>
          </reporter-output>
        </test-method> <!-- tearDown -->
        <test-method status="PASS" signature="setUp()[pri:0, instance:com.makemytrip.qa.testcases.Hotels_Page_Test@6f7fd0e6]" name="setUp" is-config="true" duration-ms="5395" started-at="2020-01-27T22:44:11Z" finished-at="2020-01-27T22:44:17Z">
          <reporter-output>
          </reporter-output>
        </test-method> <!-- setUp -->
        <test-method status="PASS" signature="searchSpecificHotel()[pri:1, instance:com.makemytrip.qa.testcases.Hotels_Page_Test@6f7fd0e6]" name="searchSpecificHotel" duration-ms="12428" started-at="2020-01-27T22:44:17Z" finished-at="2020-01-27T22:44:29Z">
          <reporter-output>
          </reporter-output>
        </test-method> <!-- searchSpecificHotel -->
        <test-method status="PASS" signature="tearDown()[pri:0, instance:com.makemytrip.qa.testcases.Hotels_Page_Test@6f7fd0e6]" name="tearDown" is-config="true" duration-ms="772" started-at="2020-01-27T22:44:29Z" finished-at="2020-01-27T22:44:30Z">
          <reporter-output>
          </reporter-output>
        </test-method> <!-- tearDown -->
      </class> <!-- com.makemytrip.qa.testcases.Hotels_Page_Test -->
      <class name="com.makemytrip.qa.testcases.Holidays_Page_Test">
        <test-method status="PASS" signature="setUp()[pri:0, instance:com.makemytrip.qa.testcases.Holidays_Page_Test@47c62251]" name="setUp" is-config="true" duration-ms="5775" started-at="2020-01-27T22:43:57Z" finished-at="2020-01-27T22:44:03Z">
          <reporter-output>
          </reporter-output>
        </test-method> <!-- setUp -->
        <test-method status="PASS" signature="navHolidaysPage()[pri:0, instance:com.makemytrip.qa.testcases.Holidays_Page_Test@47c62251]" name="navHolidaysPage" duration-ms="836" started-at="2020-01-27T22:44:03Z" finished-at="2020-01-27T22:44:03Z">
          <reporter-output>
          </reporter-output>
        </test-method> <!-- navHolidaysPage -->
        <test-method status="PASS" signature="tearDown()[pri:0, instance:com.makemytrip.qa.testcases.Holidays_Page_Test@47c62251]" name="tearDown" is-config="true" duration-ms="740" started-at="2020-01-27T22:44:03Z" finished-at="2020-01-27T22:44:04Z">
          <reporter-output>
          </reporter-output>
        </test-method> <!-- tearDown -->
      </class> <!-- com.makemytrip.qa.testcases.Holidays_Page_Test -->
    </test> <!-- Free makemytrip App Test Cases -->
  </suite> <!-- makemytrip Application Test Automation Test Suite -->
</testng-results>
