<?xml version="1.0" encoding="UTF-8"?>
<testng-results skipped="0" failed="0" ignored="5" total="10" passed="5">
  <reporter-output>
  </reporter-output>
  <suite name="makemytrip Application Test Automation Test Suite" duration-ms="46510" started-at="2020-01-15T11:13:12Z" finished-at="2020-01-15T11:13:59Z">
    <groups>
    </groups>
    <test name="Free makemytrip App Test Cases" duration-ms="46510" started-at="2020-01-15T11:13:12Z" finished-at="2020-01-15T11:13:59Z">
      <class name="com.makemytrip.qa.testcases.Villas_Apt_Page_Test">
        <test-method status="PASS" signature="setUp()[pri:0, instance:com.makemytrip.qa.testcases.Villas_Apt_Page_Test@66a3ffec]" name="setUp" is-config="true" duration-ms="4767" started-at="2020-01-15T16:43:52Z" finished-at="2020-01-15T16:43:56Z">
          <reporter-output>
          </reporter-output>
        </test-method> <!-- setUp -->
        <test-method status="PASS" signature="navVillasPage()[pri:0, instance:com.makemytrip.qa.testcases.Villas_Apt_Page_Test@66a3ffec]" name="navVillasPage" duration-ms="1474" started-at="2020-01-15T16:43:56Z" finished-at="2020-01-15T16:43:58Z">
          <reporter-output>
          </reporter-output>
        </test-method> <!-- navVillasPage -->
        <test-method status="PASS" signature="tearDown()[pri:0, instance:com.makemytrip.qa.testcases.Villas_Apt_Page_Test@66a3ffec]" name="tearDown" is-config="true" duration-ms="809" started-at="2020-01-15T16:43:58Z" finished-at="2020-01-15T16:43:59Z">
          <reporter-output>
          </reporter-output>
        </test-method> <!-- tearDown -->
      </class> <!-- com.makemytrip.qa.testcases.Villas_Apt_Page_Test -->
      <class name="com.makemytrip.qa.testcases.Flights_Page_Test">
        <test-method status="PASS" signature="setUp()[pri:0, instance:com.makemytrip.qa.testcases.Flights_Page_Test@6f7fd0e6]" name="setUp" is-config="true" duration-ms="5091" started-at="2020-01-15T16:43:28Z" finished-at="2020-01-15T16:43:33Z">
          <reporter-output>
          </reporter-output>
        </test-method> <!-- setUp -->
        <test-method status="PASS" signature="navFilightsPage()[pri:0, instance:com.makemytrip.qa.testcases.Flights_Page_Test@6f7fd0e6]" name="navFilightsPage" duration-ms="1548" started-at="2020-01-15T16:43:33Z" finished-at="2020-01-15T16:43:35Z">
          <reporter-output>
          </reporter-output>
        </test-method> <!-- navFilightsPage -->
        <test-method status="PASS" signature="tearDown()[pri:0, instance:com.makemytrip.qa.testcases.Flights_Page_Test@6f7fd0e6]" name="tearDown" is-config="true" duration-ms="799" started-at="2020-01-15T16:43:35Z" finished-at="2020-01-15T16:43:36Z">
          <reporter-output>
          </reporter-output>
        </test-method> <!-- tearDown -->
      </class> <!-- com.makemytrip.qa.testcases.Flights_Page_Test -->
      <class name="com.makemytrip.qa.testcases.Login_Page_Test">
        <test-method status="PASS" signature="setUp()[pri:0, instance:com.makemytrip.qa.testcases.Login_Page_Test@27efef64]" name="setUp" is-config="true" duration-ms="5286" started-at="2020-01-15T16:43:12Z" finished-at="2020-01-15T16:43:17Z">
          <reporter-output>
          </reporter-output>
        </test-method> <!-- setUp -->
        <test-method status="PASS" signature="loginCheck_ValidUserDetails(java.lang.String, java.lang.String)[pri:0, instance:com.makemytrip.qa.testcases.Login_Page_Test@27efef64]" name="loginCheck_ValidUserDetails" duration-ms="9957" started-at="2020-01-15T16:43:17Z" finished-at="2020-01-15T16:43:27Z">
          <params>
            <param index="0">
              <value>
                <![CDATA[automationtesting007bheem@gmail.com]]>
              </value>
            </param>
            <param index="1">
              <value>
                <![CDATA[capgemini@12345]]>
              </value>
            </param>
          </params>
          <reporter-output>
          </reporter-output>
        </test-method> <!-- loginCheck_ValidUserDetails -->
        <test-method status="PASS" signature="tearDown()[pri:0, instance:com.makemytrip.qa.testcases.Login_Page_Test@27efef64]" name="tearDown" is-config="true" duration-ms="801" started-at="2020-01-15T16:43:27Z" finished-at="2020-01-15T16:43:28Z">
          <reporter-output>
          </reporter-output>
        </test-method> <!-- tearDown -->
      </class> <!-- com.makemytrip.qa.testcases.Login_Page_Test -->
      <class name="com.makemytrip.qa.testcases.Holidays_Page_Test">
        <test-method status="PASS" signature="setUp()[pri:0, instance:com.makemytrip.qa.testcases.Holidays_Page_Test@3e6fa38a]" name="setUp" is-config="true" duration-ms="4804" started-at="2020-01-15T16:43:45Z" finished-at="2020-01-15T16:43:49Z">
          <reporter-output>
          </reporter-output>
        </test-method> <!-- setUp -->
        <test-method status="PASS" signature="navHolidaysPage()[pri:0, instance:com.makemytrip.qa.testcases.Holidays_Page_Test@3e6fa38a]" name="navHolidaysPage" duration-ms="1363" started-at="2020-01-15T16:43:49Z" finished-at="2020-01-15T16:43:51Z">
          <reporter-output>
          </reporter-output>
        </test-method> <!-- navHolidaysPage -->
        <test-method status="PASS" signature="tearDown()[pri:0, instance:com.makemytrip.qa.testcases.Holidays_Page_Test@3e6fa38a]" name="tearDown" is-config="true" duration-ms="785" started-at="2020-01-15T16:43:51Z" finished-at="2020-01-15T16:43:52Z">
          <reporter-output>
          </reporter-output>
        </test-method> <!-- tearDown -->
      </class> <!-- com.makemytrip.qa.testcases.Holidays_Page_Test -->
      <class name="com.makemytrip.qa.testcases.Hotels_Page_Test">
        <test-method status="PASS" signature="setUp()[pri:0, instance:com.makemytrip.qa.testcases.Hotels_Page_Test@47c62251]" name="setUp" is-config="true" duration-ms="4222" started-at="2020-01-15T16:43:36Z" finished-at="2020-01-15T16:43:40Z">
          <reporter-output>
          </reporter-output>
        </test-method> <!-- setUp -->
        <test-method status="PASS" signature="navHotelsPage()[pri:0, instance:com.makemytrip.qa.testcases.Hotels_Page_Test@47c62251]" name="navHotelsPage" duration-ms="3964" started-at="2020-01-15T16:43:40Z" finished-at="2020-01-15T16:43:44Z">
          <reporter-output>
          </reporter-output>
        </test-method> <!-- navHotelsPage -->
        <test-method status="PASS" signature="tearDown()[pri:0, instance:com.makemytrip.qa.testcases.Hotels_Page_Test@47c62251]" name="tearDown" is-config="true" duration-ms="788" started-at="2020-01-15T16:43:44Z" finished-at="2020-01-15T16:43:45Z">
          <reporter-output>
          </reporter-output>
        </test-method> <!-- tearDown -->
      </class> <!-- com.makemytrip.qa.testcases.Hotels_Page_Test -->
    </test> <!-- Free makemytrip App Test Cases -->
  </suite> <!-- makemytrip Application Test Automation Test Suite -->
</testng-results>
