<?xml version="1.0" encoding="UTF-8"?>
<testng-results skipped="0" failed="3" ignored="5" total="13" passed="5">
  <reporter-output>
  </reporter-output>
  <suite name="makemytrip Application Test Automation Test Suite" duration-ms="180560" started-at="2020-01-23T16:44:58Z" finished-at="2020-01-23T16:47:58Z">
    <groups>
    </groups>
    <test name="Free makemytrip App Test Cases" duration-ms="180560" started-at="2020-01-23T16:44:58Z" finished-at="2020-01-23T16:47:58Z">
      <class name="com.makemytrip.qa.testcases.Villas_Apt_Page_Test">
        <test-method status="PASS" signature="setUp()[pri:0, instance:com.makemytrip.qa.testcases.Villas_Apt_Page_Test@3e6fa38a]" name="setUp" is-config="true" duration-ms="5766" started-at="2020-01-23T22:15:29Z" finished-at="2020-01-23T22:15:35Z">
          <reporter-output>
          </reporter-output>
        </test-method> <!-- setUp -->
        <test-method status="PASS" signature="navVillasPage()[pri:0, instance:com.makemytrip.qa.testcases.Villas_Apt_Page_Test@3e6fa38a]" name="navVillasPage" duration-ms="1203" started-at="2020-01-23T22:15:35Z" finished-at="2020-01-23T22:15:36Z">
          <reporter-output>
          </reporter-output>
        </test-method> <!-- navVillasPage -->
        <test-method status="PASS" signature="tearDown()[pri:0, instance:com.makemytrip.qa.testcases.Villas_Apt_Page_Test@3e6fa38a]" name="tearDown" is-config="true" duration-ms="767" started-at="2020-01-23T22:15:36Z" finished-at="2020-01-23T22:15:37Z">
          <reporter-output>
          </reporter-output>
        </test-method> <!-- tearDown -->
      </class> <!-- com.makemytrip.qa.testcases.Villas_Apt_Page_Test -->
      <class name="com.makemytrip.qa.testcases.Flights_Page_Test">
        <test-method status="PASS" signature="setUp()[pri:0, instance:com.makemytrip.qa.testcases.Flights_Page_Test@27efef64]" name="setUp" is-config="true" duration-ms="5092" started-at="2020-01-23T22:15:56Z" finished-at="2020-01-23T22:16:01Z">
          <reporter-output>
          </reporter-output>
        </test-method> <!-- setUp -->
        <test-method status="FAIL" signature="searchSpecificFlight(java.lang.String, java.lang.String, java.lang.String, java.lang.String, java.lang.String, java.lang.String)[pri:2, instance:com.makemytrip.qa.testcases.Flights_Page_Test@27efef64]" name="searchSpecificFlight" duration-ms="35783" started-at="2020-01-23T22:16:01Z" data-provider="getMakemyTripTestData" finished-at="2020-01-23T22:16:37Z">
          <params>
            <param index="0">
              <value>
                <![CDATA[Mumbai]]>
              </value>
            </param>
            <param index="1">
              <value>
                <![CDATA[Hyderabad]]>
              </value>
            </param>
            <param index="2">
              <value>
                <![CDATA[25.0]]>
              </value>
            </param>
            <param index="3">
              <value>
                <![CDATA[Bheemesh]]>
              </value>
            </param>
            <param index="4">
              <value>
                <![CDATA[Cirpe]]>
              </value>
            </param>
            <param index="5">
              <value>
                <![CDATA[bheemboy@gmail.com]]>
              </value>
            </param>
          </params>
          <exception class="org.openqa.selenium.NoSuchElementException">
            <message>
              <![CDATA[no such element: Unable to locate element: {"method":"xpath","selector":"(//*[@class='booking_summary_wrap']//following::div)[3]"}
  (Session info: chrome=79.0.3945.130)
For documentation on this error, please visit: http://seleniumhq.org/exceptions/no_such_element.html
Build info: version: '3.14.0', revision: 'aacccce0', time: '2018-08-02T20:19:58.91Z'
System info: host: 'BHEEMESH-DESKTO', ip: '192.168.1.2', os.name: 'Windows 10', os.arch: 'amd64', os.version: '10.0', java.version: '1.8.0_231'
Driver info: org.openqa.selenium.chrome.ChromeDriver
Capabilities {acceptInsecureCerts: false, browserName: chrome, browserVersion: 79.0.3945.130, chrome: {chromedriverVersion: 78.0.3904.70 (edb9c9f3de024..., userDataDir: C:\Users\91970\AppData\Loca...}, goog:chromeOptions: {debuggerAddress: localhost:54614}, javascriptEnabled: true, networkConnectionEnabled: false, pageLoadStrategy: normal, platform: XP, platformName: XP, proxy: Proxy(), setWindowRect: true, strictFileInteractability: false, timeouts: {implicit: 0, pageLoad: 300000, script: 30000}, unhandledPromptBehavior: dismiss and notify}
Session ID: b48ab002722d541bd280e9300be5cf8c
*** Element info: {Using=xpath, value=(//*[@class='booking_summary_wrap']//following::div)[3]}]]>
            </message>
            <full-stacktrace>
              <![CDATA[org.openqa.selenium.NoSuchElementException: no such element: Unable to locate element: {"method":"xpath","selector":"(//*[@class='booking_summary_wrap']//following::div)[3]"}
  (Session info: chrome=79.0.3945.130)
For documentation on this error, please visit: http://seleniumhq.org/exceptions/no_such_element.html
Build info: version: '3.14.0', revision: 'aacccce0', time: '2018-08-02T20:19:58.91Z'
System info: host: 'BHEEMESH-DESKTO', ip: '192.168.1.2', os.name: 'Windows 10', os.arch: 'amd64', os.version: '10.0', java.version: '1.8.0_231'
Driver info: org.openqa.selenium.chrome.ChromeDriver
Capabilities {acceptInsecureCerts: false, browserName: chrome, browserVersion: 79.0.3945.130, chrome: {chromedriverVersion: 78.0.3904.70 (edb9c9f3de024..., userDataDir: C:\Users\91970\AppData\Loca...}, goog:chromeOptions: {debuggerAddress: localhost:54614}, javascriptEnabled: true, networkConnectionEnabled: false, pageLoadStrategy: normal, platform: XP, platformName: XP, proxy: Proxy(), setWindowRect: true, strictFileInteractability: false, timeouts: {implicit: 0, pageLoad: 300000, script: 30000}, unhandledPromptBehavior: dismiss and notify}
Session ID: b48ab002722d541bd280e9300be5cf8c
*** Element info: {Using=xpath, value=(//*[@class='booking_summary_wrap']//following::div)[3]}
	at sun.reflect.NativeConstructorAccessorImpl.newInstance0(Native Method)
	at sun.reflect.NativeConstructorAccessorImpl.newInstance(NativeConstructorAccessorImpl.java:62)
	at sun.reflect.DelegatingConstructorAccessorImpl.newInstance(DelegatingConstructorAccessorImpl.java:45)
	at java.lang.reflect.Constructor.newInstance(Constructor.java:423)
	at org.openqa.selenium.remote.http.W3CHttpResponseCodec.createException(W3CHttpResponseCodec.java:187)
	at org.openqa.selenium.remote.http.W3CHttpResponseCodec.decode(W3CHttpResponseCodec.java:122)
	at org.openqa.selenium.remote.http.W3CHttpResponseCodec.decode(W3CHttpResponseCodec.java:49)
	at org.openqa.selenium.remote.HttpCommandExecutor.execute(HttpCommandExecutor.java:158)
	at org.openqa.selenium.remote.service.DriverCommandExecutor.execute(DriverCommandExecutor.java:83)
	at org.openqa.selenium.remote.RemoteWebDriver.execute(RemoteWebDriver.java:548)
	at org.openqa.selenium.remote.RemoteWebDriver.findElement(RemoteWebDriver.java:322)
	at org.openqa.selenium.remote.RemoteWebDriver.findElementByXPath(RemoteWebDriver.java:424)
	at org.openqa.selenium.By$ByXPath.findElement(By.java:353)
	at org.openqa.selenium.remote.RemoteWebDriver.findElement(RemoteWebDriver.java:314)
	at org.openqa.selenium.support.pagefactory.DefaultElementLocator.findElement(DefaultElementLocator.java:69)
	at org.openqa.selenium.support.pagefactory.internal.LocatingElementHandler.invoke(LocatingElementHandler.java:38)
	at com.sun.proxy.$Proxy11.getScreenshotAs(Unknown Source)
	at com.makemytrip.qa.util.TestUtil.takeScreenshotAtEndOfTest(TestUtil.java:64)
	at com.makemytrip.qa.pages.Flights_Page.searchFlight(Flights_Page.java:196)
	at com.makemytrip.qa.testcases.Flights_Page_Test.searchSpecificFlight(Flights_Page_Test.java:51)
	at sun.reflect.NativeMethodAccessorImpl.invoke0(Native Method)
	at sun.reflect.NativeMethodAccessorImpl.invoke(NativeMethodAccessorImpl.java:62)
	at sun.reflect.DelegatingMethodAccessorImpl.invoke(DelegatingMethodAccessorImpl.java:43)
	at java.lang.reflect.Method.invoke(Method.java:498)
	at org.testng.internal.MethodInvocationHelper.invokeMethod(MethodInvocationHelper.java:108)
	at org.testng.internal.Invoker.invokeMethod(Invoker.java:661)
	at org.testng.internal.Invoker.invokeTestMethod(Invoker.java:869)
	at org.testng.internal.Invoker.invokeTestMethods(Invoker.java:1193)
	at org.testng.internal.TestMethodWorker.invokeTestMethods(TestMethodWorker.java:126)
	at org.testng.internal.TestMethodWorker.run(TestMethodWorker.java:109)
	at org.testng.TestRunner.privateRun(TestRunner.java:744)
	at org.testng.TestRunner.run(TestRunner.java:602)
	at org.testng.SuiteRunner.runTest(SuiteRunner.java:380)
	at org.testng.SuiteRunner.runSequentially(SuiteRunner.java:375)
	at org.testng.SuiteRunner.privateRun(SuiteRunner.java:340)
	at org.testng.SuiteRunner.run(SuiteRunner.java:289)
	at org.testng.SuiteRunnerWorker.runSuite(SuiteRunnerWorker.java:52)
	at org.testng.SuiteRunnerWorker.run(SuiteRunnerWorker.java:86)
	at org.testng.TestNG.runSuitesSequentially(TestNG.java:1301)
	at org.testng.TestNG.runSuitesLocally(TestNG.java:1226)
	at org.testng.TestNG.runSuites(TestNG.java:1144)
	at org.testng.TestNG.run(TestNG.java:1115)
	at org.testng.remote.AbstractRemoteTestNG.run(AbstractRemoteTestNG.java:115)
	at org.testng.remote.RemoteTestNG.initAndRun(RemoteTestNG.java:251)
	at org.testng.remote.RemoteTestNG.main(RemoteTestNG.java:77)
]]>
            </full-stacktrace>
          </exception> <!-- org.openqa.selenium.NoSuchElementException -->
          <reporter-output>
          </reporter-output>
        </test-method> <!-- searchSpecificFlight -->
        <test-method status="PASS" signature="tearDown()[pri:0, instance:com.makemytrip.qa.testcases.Flights_Page_Test@27efef64]" name="tearDown" is-config="true" duration-ms="789" started-at="2020-01-23T22:16:37Z" finished-at="2020-01-23T22:16:37Z">
          <reporter-output>
          </reporter-output>
        </test-method> <!-- tearDown -->
        <test-method status="PASS" signature="setUp()[pri:0, instance:com.makemytrip.qa.testcases.Flights_Page_Test@27efef64]" name="setUp" is-config="true" duration-ms="5519" started-at="2020-01-23T22:16:37Z" finished-at="2020-01-23T22:16:43Z">
          <reporter-output>
          </reporter-output>
        </test-method> <!-- setUp -->
        <test-method status="PASS" signature="searchSpecificFlight(java.lang.String, java.lang.String, java.lang.String, java.lang.String, java.lang.String, java.lang.String)[pri:2, instance:com.makemytrip.qa.testcases.Flights_Page_Test@27efef64]" name="searchSpecificFlight" duration-ms="33602" started-at="2020-01-23T22:16:43Z" data-provider="getMakemyTripTestData" finished-at="2020-01-23T22:17:16Z">
          <params>
            <param index="0">
              <value>
                <![CDATA[Hyderabad]]>
              </value>
            </param>
            <param index="1">
              <value>
                <![CDATA[Chennai]]>
              </value>
            </param>
            <param index="2">
              <value>
                <![CDATA[30.0]]>
              </value>
            </param>
            <param index="3">
              <value>
                <![CDATA[Rupa]]>
              </value>
            </param>
            <param index="4">
              <value>
                <![CDATA[E]]>
              </value>
            </param>
            <param index="5">
              <value>
                <![CDATA[rupa@gmail.com]]>
              </value>
            </param>
          </params>
          <reporter-output>
          </reporter-output>
        </test-method> <!-- searchSpecificFlight -->
        <test-method status="PASS" signature="tearDown()[pri:0, instance:com.makemytrip.qa.testcases.Flights_Page_Test@27efef64]" name="tearDown" is-config="true" duration-ms="847" started-at="2020-01-23T22:17:16Z" finished-at="2020-01-23T22:17:17Z">
          <reporter-output>
          </reporter-output>
        </test-method> <!-- tearDown -->
        <test-method status="PASS" signature="setUp()[pri:0, instance:com.makemytrip.qa.testcases.Flights_Page_Test@27efef64]" name="setUp" is-config="true" duration-ms="5490" started-at="2020-01-23T22:17:17Z" finished-at="2020-01-23T22:17:23Z">
          <reporter-output>
          </reporter-output>
        </test-method> <!-- setUp -->
        <test-method status="FAIL" signature="searchSpecificFlight(java.lang.String, java.lang.String, java.lang.String, java.lang.String, java.lang.String, java.lang.String)[pri:2, instance:com.makemytrip.qa.testcases.Flights_Page_Test@27efef64]" name="searchSpecificFlight" duration-ms="34819" started-at="2020-01-23T22:17:23Z" data-provider="getMakemyTripTestData" finished-at="2020-01-23T22:17:58Z">
          <params>
            <param index="0">
              <value>
                <![CDATA[Hyderabad]]>
              </value>
            </param>
            <param index="1">
              <value>
                <![CDATA[Mumbai]]>
              </value>
            </param>
            <param index="2">
              <value>
                <![CDATA[31.0]]>
              </value>
            </param>
            <param index="3">
              <value>
                <![CDATA[Monica]]>
              </value>
            </param>
            <param index="4">
              <value>
                <![CDATA[Anantha Reddy]]>
              </value>
            </param>
            <param index="5">
              <value>
                <![CDATA[monica@yahoo.com]]>
              </value>
            </param>
          </params>
          <exception class="org.openqa.selenium.NoSuchElementException">
            <message>
              <![CDATA[no such element: Unable to locate element: {"method":"xpath","selector":"(//*[@class='booking_summary_wrap']//following::div)[3]"}
  (Session info: chrome=79.0.3945.130)
For documentation on this error, please visit: http://seleniumhq.org/exceptions/no_such_element.html
Build info: version: '3.14.0', revision: 'aacccce0', time: '2018-08-02T20:19:58.91Z'
System info: host: 'BHEEMESH-DESKTO', ip: '192.168.1.2', os.name: 'Windows 10', os.arch: 'amd64', os.version: '10.0', java.version: '1.8.0_231'
Driver info: org.openqa.selenium.chrome.ChromeDriver
Capabilities {acceptInsecureCerts: false, browserName: chrome, browserVersion: 79.0.3945.130, chrome: {chromedriverVersion: 78.0.3904.70 (edb9c9f3de024..., userDataDir: C:\Users\91970\AppData\Loca...}, goog:chromeOptions: {debuggerAddress: localhost:54864}, javascriptEnabled: true, networkConnectionEnabled: false, pageLoadStrategy: normal, platform: XP, platformName: XP, proxy: Proxy(), setWindowRect: true, strictFileInteractability: false, timeouts: {implicit: 0, pageLoad: 300000, script: 30000}, unhandledPromptBehavior: dismiss and notify}
Session ID: ac3d7a4db4fdf1ea5f1819ce5c86ebb4
*** Element info: {Using=xpath, value=(//*[@class='booking_summary_wrap']//following::div)[3]}]]>
            </message>
            <full-stacktrace>
              <![CDATA[org.openqa.selenium.NoSuchElementException: no such element: Unable to locate element: {"method":"xpath","selector":"(//*[@class='booking_summary_wrap']//following::div)[3]"}
  (Session info: chrome=79.0.3945.130)
For documentation on this error, please visit: http://seleniumhq.org/exceptions/no_such_element.html
Build info: version: '3.14.0', revision: 'aacccce0', time: '2018-08-02T20:19:58.91Z'
System info: host: 'BHEEMESH-DESKTO', ip: '192.168.1.2', os.name: 'Windows 10', os.arch: 'amd64', os.version: '10.0', java.version: '1.8.0_231'
Driver info: org.openqa.selenium.chrome.ChromeDriver
Capabilities {acceptInsecureCerts: false, browserName: chrome, browserVersion: 79.0.3945.130, chrome: {chromedriverVersion: 78.0.3904.70 (edb9c9f3de024..., userDataDir: C:\Users\91970\AppData\Loca...}, goog:chromeOptions: {debuggerAddress: localhost:54864}, javascriptEnabled: true, networkConnectionEnabled: false, pageLoadStrategy: normal, platform: XP, platformName: XP, proxy: Proxy(), setWindowRect: true, strictFileInteractability: false, timeouts: {implicit: 0, pageLoad: 300000, script: 30000}, unhandledPromptBehavior: dismiss and notify}
Session ID: ac3d7a4db4fdf1ea5f1819ce5c86ebb4
*** Element info: {Using=xpath, value=(//*[@class='booking_summary_wrap']//following::div)[3]}
	at sun.reflect.NativeConstructorAccessorImpl.newInstance0(Native Method)
	at sun.reflect.NativeConstructorAccessorImpl.newInstance(NativeConstructorAccessorImpl.java:62)
	at sun.reflect.DelegatingConstructorAccessorImpl.newInstance(DelegatingConstructorAccessorImpl.java:45)
	at java.lang.reflect.Constructor.newInstance(Constructor.java:423)
	at org.openqa.selenium.remote.http.W3CHttpResponseCodec.createException(W3CHttpResponseCodec.java:187)
	at org.openqa.selenium.remote.http.W3CHttpResponseCodec.decode(W3CHttpResponseCodec.java:122)
	at org.openqa.selenium.remote.http.W3CHttpResponseCodec.decode(W3CHttpResponseCodec.java:49)
	at org.openqa.selenium.remote.HttpCommandExecutor.execute(HttpCommandExecutor.java:158)
	at org.openqa.selenium.remote.service.DriverCommandExecutor.execute(DriverCommandExecutor.java:83)
	at org.openqa.selenium.remote.RemoteWebDriver.execute(RemoteWebDriver.java:548)
	at org.openqa.selenium.remote.RemoteWebDriver.findElement(RemoteWebDriver.java:322)
	at org.openqa.selenium.remote.RemoteWebDriver.findElementByXPath(RemoteWebDriver.java:424)
	at org.openqa.selenium.By$ByXPath.findElement(By.java:353)
	at org.openqa.selenium.remote.RemoteWebDriver.findElement(RemoteWebDriver.java:314)
	at org.openqa.selenium.support.pagefactory.DefaultElementLocator.findElement(DefaultElementLocator.java:69)
	at org.openqa.selenium.support.pagefactory.internal.LocatingElementHandler.invoke(LocatingElementHandler.java:38)
	at com.sun.proxy.$Proxy11.getScreenshotAs(Unknown Source)
	at com.makemytrip.qa.util.TestUtil.takeScreenshotAtEndOfTest(TestUtil.java:64)
	at com.makemytrip.qa.pages.Flights_Page.searchFlight(Flights_Page.java:196)
	at com.makemytrip.qa.testcases.Flights_Page_Test.searchSpecificFlight(Flights_Page_Test.java:51)
	at sun.reflect.NativeMethodAccessorImpl.invoke0(Native Method)
	at sun.reflect.NativeMethodAccessorImpl.invoke(NativeMethodAccessorImpl.java:62)
	at sun.reflect.DelegatingMethodAccessorImpl.invoke(DelegatingMethodAccessorImpl.java:43)
	at java.lang.reflect.Method.invoke(Method.java:498)
	at org.testng.internal.MethodInvocationHelper.invokeMethod(MethodInvocationHelper.java:108)
	at org.testng.internal.Invoker.invokeMethod(Invoker.java:661)
	at org.testng.internal.Invoker.invokeTestMethod(Invoker.java:869)
	at org.testng.internal.Invoker.invokeTestMethods(Invoker.java:1193)
	at org.testng.internal.TestMethodWorker.invokeTestMethods(TestMethodWorker.java:126)
	at org.testng.internal.TestMethodWorker.run(TestMethodWorker.java:109)
	at org.testng.TestRunner.privateRun(TestRunner.java:744)
	at org.testng.TestRunner.run(TestRunner.java:602)
	at org.testng.SuiteRunner.runTest(SuiteRunner.java:380)
	at org.testng.SuiteRunner.runSequentially(SuiteRunner.java:375)
	at org.testng.SuiteRunner.privateRun(SuiteRunner.java:340)
	at org.testng.SuiteRunner.run(SuiteRunner.java:289)
	at org.testng.SuiteRunnerWorker.runSuite(SuiteRunnerWorker.java:52)
	at org.testng.SuiteRunnerWorker.run(SuiteRunnerWorker.java:86)
	at org.testng.TestNG.runSuitesSequentially(TestNG.java:1301)
	at org.testng.TestNG.runSuitesLocally(TestNG.java:1226)
	at org.testng.TestNG.runSuites(TestNG.java:1144)
	at org.testng.TestNG.run(TestNG.java:1115)
	at org.testng.remote.AbstractRemoteTestNG.run(AbstractRemoteTestNG.java:115)
	at org.testng.remote.RemoteTestNG.initAndRun(RemoteTestNG.java:251)
	at org.testng.remote.RemoteTestNG.main(RemoteTestNG.java:77)
]]>
            </full-stacktrace>
          </exception> <!-- org.openqa.selenium.NoSuchElementException -->
          <reporter-output>
          </reporter-output>
        </test-method> <!-- searchSpecificFlight -->
        <test-method status="PASS" signature="tearDown()[pri:0, instance:com.makemytrip.qa.testcases.Flights_Page_Test@27efef64]" name="tearDown" is-config="true" duration-ms="806" started-at="2020-01-23T22:17:58Z" finished-at="2020-01-23T22:17:58Z">
          <reporter-output>
          </reporter-output>
        </test-method> <!-- tearDown -->
      </class> <!-- com.makemytrip.qa.testcases.Flights_Page_Test -->
      <class name="com.makemytrip.qa.testcases.Login_Page_Test">
        <test-method status="PASS" signature="setUp()[pri:0, instance:com.makemytrip.qa.testcases.Login_Page_Test@59f99ea]" name="setUp" is-config="true" duration-ms="7325" started-at="2020-01-23T22:14:58Z" finished-at="2020-01-23T22:15:05Z">
          <reporter-output>
          </reporter-output>
        </test-method> <!-- setUp -->
        <test-method status="FAIL" signature="loginCheck_ValidUserDetails(java.lang.String, java.lang.String)[pri:0, instance:com.makemytrip.qa.testcases.Login_Page_Test@59f99ea]" name="loginCheck_ValidUserDetails" duration-ms="8246" started-at="2020-01-23T22:15:05Z" finished-at="2020-01-23T22:15:13Z">
          <params>
            <param index="0">
              <value>
                <![CDATA[automationtesting007bheem@gmail.com]]>
              </value>
            </param>
            <param index="1">
              <value>
                <![CDATA[capgemini@12345]]>
              </value>
            </param>
          </params>
          <exception class="org.openqa.selenium.NoSuchElementException">
            <message>
              <![CDATA[no such element: Unable to locate element: {"method":"css selector","selector":"#password"}
  (Session info: chrome=79.0.3945.130)
For documentation on this error, please visit: http://seleniumhq.org/exceptions/no_such_element.html
Build info: version: '3.14.0', revision: 'aacccce0', time: '2018-08-02T20:19:58.91Z'
System info: host: 'BHEEMESH-DESKTO', ip: '192.168.1.2', os.name: 'Windows 10', os.arch: 'amd64', os.version: '10.0', java.version: '1.8.0_231'
Driver info: org.openqa.selenium.chrome.ChromeDriver
Capabilities {acceptInsecureCerts: false, browserName: chrome, browserVersion: 79.0.3945.130, chrome: {chromedriverVersion: 78.0.3904.70 (edb9c9f3de024..., userDataDir: C:\Users\91970\AppData\Loca...}, goog:chromeOptions: {debuggerAddress: localhost:54316}, javascriptEnabled: true, networkConnectionEnabled: false, pageLoadStrategy: normal, platform: XP, platformName: XP, proxy: Proxy(), setWindowRect: true, strictFileInteractability: false, timeouts: {implicit: 0, pageLoad: 300000, script: 30000}, unhandledPromptBehavior: dismiss and notify}
Session ID: 8cb1b6b59952c6262056628f1d5b97a6
*** Element info: {Using=id, value=password}]]>
            </message>
            <full-stacktrace>
              <![CDATA[org.openqa.selenium.NoSuchElementException: no such element: Unable to locate element: {"method":"css selector","selector":"#password"}
  (Session info: chrome=79.0.3945.130)
For documentation on this error, please visit: http://seleniumhq.org/exceptions/no_such_element.html
Build info: version: '3.14.0', revision: 'aacccce0', time: '2018-08-02T20:19:58.91Z'
System info: host: 'BHEEMESH-DESKTO', ip: '192.168.1.2', os.name: 'Windows 10', os.arch: 'amd64', os.version: '10.0', java.version: '1.8.0_231'
Driver info: org.openqa.selenium.chrome.ChromeDriver
Capabilities {acceptInsecureCerts: false, browserName: chrome, browserVersion: 79.0.3945.130, chrome: {chromedriverVersion: 78.0.3904.70 (edb9c9f3de024..., userDataDir: C:\Users\91970\AppData\Loca...}, goog:chromeOptions: {debuggerAddress: localhost:54316}, javascriptEnabled: true, networkConnectionEnabled: false, pageLoadStrategy: normal, platform: XP, platformName: XP, proxy: Proxy(), setWindowRect: true, strictFileInteractability: false, timeouts: {implicit: 0, pageLoad: 300000, script: 30000}, unhandledPromptBehavior: dismiss and notify}
Session ID: 8cb1b6b59952c6262056628f1d5b97a6
*** Element info: {Using=id, value=password}
	at sun.reflect.NativeConstructorAccessorImpl.newInstance0(Native Method)
	at sun.reflect.NativeConstructorAccessorImpl.newInstance(NativeConstructorAccessorImpl.java:62)
	at sun.reflect.DelegatingConstructorAccessorImpl.newInstance(DelegatingConstructorAccessorImpl.java:45)
	at java.lang.reflect.Constructor.newInstance(Constructor.java:423)
	at org.openqa.selenium.remote.http.W3CHttpResponseCodec.createException(W3CHttpResponseCodec.java:187)
	at org.openqa.selenium.remote.http.W3CHttpResponseCodec.decode(W3CHttpResponseCodec.java:122)
	at org.openqa.selenium.remote.http.W3CHttpResponseCodec.decode(W3CHttpResponseCodec.java:49)
	at org.openqa.selenium.remote.HttpCommandExecutor.execute(HttpCommandExecutor.java:158)
	at org.openqa.selenium.remote.service.DriverCommandExecutor.execute(DriverCommandExecutor.java:83)
	at org.openqa.selenium.remote.RemoteWebDriver.execute(RemoteWebDriver.java:548)
	at org.openqa.selenium.remote.RemoteWebDriver.findElement(RemoteWebDriver.java:322)
	at org.openqa.selenium.remote.RemoteWebDriver.findElementById(RemoteWebDriver.java:368)
	at org.openqa.selenium.By$ById.findElement(By.java:188)
	at org.openqa.selenium.remote.RemoteWebDriver.findElement(RemoteWebDriver.java:314)
	at org.openqa.selenium.support.pagefactory.DefaultElementLocator.findElement(DefaultElementLocator.java:69)
	at org.openqa.selenium.support.pagefactory.internal.LocatingElementHandler.invoke(LocatingElementHandler.java:38)
	at com.sun.proxy.$Proxy11.sendKeys(Unknown Source)
	at com.makemytrip.qa.pages.Login_Page.loginMakeMyTrip(Login_Page.java:58)
	at com.makemytrip.qa.testcases.Login_Page_Test.loginCheck_ValidUserDetails(Login_Page_Test.java:49)
	at sun.reflect.NativeMethodAccessorImpl.invoke0(Native Method)
	at sun.reflect.NativeMethodAccessorImpl.invoke(NativeMethodAccessorImpl.java:62)
	at sun.reflect.DelegatingMethodAccessorImpl.invoke(DelegatingMethodAccessorImpl.java:43)
	at java.lang.reflect.Method.invoke(Method.java:498)
	at org.testng.internal.MethodInvocationHelper.invokeMethod(MethodInvocationHelper.java:108)
	at org.testng.internal.Invoker.invokeMethod(Invoker.java:661)
	at org.testng.internal.Invoker.invokeTestMethod(Invoker.java:869)
	at org.testng.internal.Invoker.invokeTestMethods(Invoker.java:1193)
	at org.testng.internal.TestMethodWorker.invokeTestMethods(TestMethodWorker.java:126)
	at org.testng.internal.TestMethodWorker.run(TestMethodWorker.java:109)
	at org.testng.TestRunner.privateRun(TestRunner.java:744)
	at org.testng.TestRunner.run(TestRunner.java:602)
	at org.testng.SuiteRunner.runTest(SuiteRunner.java:380)
	at org.testng.SuiteRunner.runSequentially(SuiteRunner.java:375)
	at org.testng.SuiteRunner.privateRun(SuiteRunner.java:340)
	at org.testng.SuiteRunner.run(SuiteRunner.java:289)
	at org.testng.SuiteRunnerWorker.runSuite(SuiteRunnerWorker.java:52)
	at org.testng.SuiteRunnerWorker.run(SuiteRunnerWorker.java:86)
	at org.testng.TestNG.runSuitesSequentially(TestNG.java:1301)
	at org.testng.TestNG.runSuitesLocally(TestNG.java:1226)
	at org.testng.TestNG.runSuites(TestNG.java:1144)
	at org.testng.TestNG.run(TestNG.java:1115)
	at org.testng.remote.AbstractRemoteTestNG.run(AbstractRemoteTestNG.java:115)
	at org.testng.remote.RemoteTestNG.initAndRun(RemoteTestNG.java:251)
	at org.testng.remote.RemoteTestNG.main(RemoteTestNG.java:77)
]]>
            </full-stacktrace>
          </exception> <!-- org.openqa.selenium.NoSuchElementException -->
          <reporter-output>
          </reporter-output>
        </test-method> <!-- loginCheck_ValidUserDetails -->
        <test-method status="PASS" signature="tearDown()[pri:0, instance:com.makemytrip.qa.testcases.Login_Page_Test@59f99ea]" name="tearDown" is-config="true" duration-ms="833" started-at="2020-01-23T22:15:13Z" finished-at="2020-01-23T22:15:14Z">
          <reporter-output>
          </reporter-output>
        </test-method> <!-- tearDown -->
      </class> <!-- com.makemytrip.qa.testcases.Login_Page_Test -->
      <class name="com.makemytrip.qa.testcases.Hotels_Page_Test">
        <test-method status="PASS" signature="setUp()[pri:0, instance:com.makemytrip.qa.testcases.Hotels_Page_Test@6f7fd0e6]" name="setUp" is-config="true" duration-ms="5703" started-at="2020-01-23T22:15:14Z" finished-at="2020-01-23T22:15:20Z">
          <reporter-output>
          </reporter-output>
        </test-method> <!-- setUp -->
        <test-method status="PASS" signature="navHotelsPage()[pri:0, instance:com.makemytrip.qa.testcases.Hotels_Page_Test@6f7fd0e6]" name="navHotelsPage" duration-ms="1153" started-at="2020-01-23T22:15:20Z" finished-at="2020-01-23T22:15:21Z">
          <reporter-output>
          </reporter-output>
        </test-method> <!-- navHotelsPage -->
        <test-method status="PASS" signature="tearDown()[pri:0, instance:com.makemytrip.qa.testcases.Hotels_Page_Test@6f7fd0e6]" name="tearDown" is-config="true" duration-ms="780" started-at="2020-01-23T22:15:21Z" finished-at="2020-01-23T22:15:22Z">
          <reporter-output>
          </reporter-output>
        </test-method> <!-- tearDown -->
        <test-method status="PASS" signature="setUp()[pri:0, instance:com.makemytrip.qa.testcases.Hotels_Page_Test@6f7fd0e6]" name="setUp" is-config="true" duration-ms="5077" started-at="2020-01-23T22:15:37Z" finished-at="2020-01-23T22:15:42Z">
          <reporter-output>
          </reporter-output>
        </test-method> <!-- setUp -->
        <test-method status="PASS" signature="searchSpecificHotel()[pri:1, instance:com.makemytrip.qa.testcases.Hotels_Page_Test@6f7fd0e6]" name="searchSpecificHotel" duration-ms="12356" started-at="2020-01-23T22:15:42Z" finished-at="2020-01-23T22:15:54Z">
          <reporter-output>
          </reporter-output>
        </test-method> <!-- searchSpecificHotel -->
        <test-method status="PASS" signature="tearDown()[pri:0, instance:com.makemytrip.qa.testcases.Hotels_Page_Test@6f7fd0e6]" name="tearDown" is-config="true" duration-ms="778" started-at="2020-01-23T22:15:54Z" finished-at="2020-01-23T22:15:55Z">
          <reporter-output>
          </reporter-output>
        </test-method> <!-- tearDown -->
      </class> <!-- com.makemytrip.qa.testcases.Hotels_Page_Test -->
      <class name="com.makemytrip.qa.testcases.Holidays_Page_Test">
        <test-method status="PASS" signature="setUp()[pri:0, instance:com.makemytrip.qa.testcases.Holidays_Page_Test@47c62251]" name="setUp" is-config="true" duration-ms="5000" started-at="2020-01-23T22:15:22Z" finished-at="2020-01-23T22:15:27Z">
          <reporter-output>
          </reporter-output>
        </test-method> <!-- setUp -->
        <test-method status="PASS" signature="navHolidaysPage()[pri:0, instance:com.makemytrip.qa.testcases.Holidays_Page_Test@47c62251]" name="navHolidaysPage" duration-ms="1355" started-at="2020-01-23T22:15:27Z" finished-at="2020-01-23T22:15:28Z">
          <reporter-output>
          </reporter-output>
        </test-method> <!-- navHolidaysPage -->
        <test-method status="PASS" signature="tearDown()[pri:0, instance:com.makemytrip.qa.testcases.Holidays_Page_Test@47c62251]" name="tearDown" is-config="true" duration-ms="718" started-at="2020-01-23T22:15:28Z" finished-at="2020-01-23T22:15:29Z">
          <reporter-output>
          </reporter-output>
        </test-method> <!-- tearDown -->
      </class> <!-- com.makemytrip.qa.testcases.Holidays_Page_Test -->
    </test> <!-- Free makemytrip App Test Cases -->
  </suite> <!-- makemytrip Application Test Automation Test Suite -->
</testng-results>
