<?xml version="1.0" encoding="UTF-8"?>
<testng-results skipped="0" failed="0" ignored="2" total="3" passed="1">
  <reporter-output>
  </reporter-output>
  <suite name="Default suite" duration-ms="10706" started-at="2020-01-20T18:07:04Z" finished-at="2020-01-20T18:07:15Z">
    <groups>
    </groups>
    <test name="Default test" duration-ms="10706" started-at="2020-01-20T18:07:04Z" finished-at="2020-01-20T18:07:15Z">
      <class name="com.makemytrip.qa.testcases.Flights_Page_Test">
        <test-method status="PASS" signature="setUp()[pri:0, instance:com.makemytrip.qa.testcases.Flights_Page_Test@46d56d67]" name="setUp" is-config="true" duration-ms="5662" started-at="2020-01-20T23:37:04Z" finished-at="2020-01-20T23:37:10Z">
          <reporter-output>
          </reporter-output>
        </test-method> <!-- setUp -->
        <test-method status="PASS" signature="searchSpecificFlight_2()[pri:2, instance:com.makemytrip.qa.testcases.Flights_Page_Test@46d56d67]" name="searchSpecificFlight_2" duration-ms="5017" started-at="2020-01-20T23:37:10Z" finished-at="2020-01-20T23:37:15Z">
          <reporter-output>
          </reporter-output>
        </test-method> <!-- searchSpecificFlight_2 -->
      </class> <!-- com.makemytrip.qa.testcases.Flights_Page_Test -->
    </test> <!-- Default test -->
  </suite> <!-- Default suite -->
</testng-results>
