<?xml version="1.0" encoding="UTF-8"?>
<!-- Generated by org.testng.reporters.JUnitXMLReporter -->
<testsuite hostname="DESKTOP-VD9B9HD" ignored="0" name="Free makemytrip App Test Cases" tests="4" failures="0" timestamp="13 Jan 2020 19:23:04 GMT" time="43.49" errors="0">
  <testcase name="loginTest" time="8.16" classname="com.makemytrip.qa.testcases.Login_Page_Test"/>
  <testcase name="loginTest" time="2.632" classname="com.makemytrip.qa.testcases.Login_Page_Test"/>
  <testcase name="loginTest" time="5.123" classname="com.makemytrip.qa.testcases.Login_Page_Test"/>
  <testcase name="loginTest" time="2.7" classname="com.makemytrip.qa.testcases.Login_Page_Test"/>
</testsuite> <!-- Free makemytrip App Test Cases -->
